<?xml version="1.0" encoding="UTF-8"?><testsuite errors="0" failures="0" name="Book a Flight - Happy Path" skipped="0" tests="8" time="92.95" timestamp="2020-03-07 01:38:00"><testcase name="(01) A registered user books a flight from Zurich To Paris on Pangea Airlines (Happy Path)"/><testcase name="(02) User that is not registered tries to book a flight (Validations)"/><testcase name="(03) User tries to book a flight with invalid username or password (Validations)"/><testcase name="(04) Make sure that user is not logged out when user navigates back after login"/></testsuite>